build/outputs/logs/manifest-merger-release-report.txt
-- Merging decision tree log ---
manifest
ADDED from Lotus_India_Dec17\Lotus_India_Dec17\AndroidManifest.xml:2:1-176:12
	package
		ADDED from Lotus_India_Dec17\Lotus_India_Dec17\AndroidManifest.xml:3:5-46
	android:versionName
		ADDED from Lotus_India_Dec17\Lotus_India_Dec17\AndroidManifest.xml:5:5-30
		INJECTED from Lotus_India_Dec17\Lotus_India_Dec17\AndroidManifest.xml
		INJECTED from Lotus_India_Dec17\Lotus_India_Dec17\AndroidManifest.xml
	android:versionCode
		ADDED from Lotus_India_Dec17\Lotus_India_Dec17\AndroidManifest.xml:4:5-29
		INJECTED from Lotus_India_Dec17\Lotus_India_Dec17\AndroidManifest.xml
		INJECTED from Lotus_India_Dec17\Lotus_India_Dec17\AndroidManifest.xml
	xmlns:android
		ADDED from Lotus_India_Dec17\Lotus_India_Dec17\AndroidManifest.xml:2:11-69
uses-sdk
ADDED from Lotus_India_Dec17\Lotus_India_Dec17\AndroidManifest.xml:7:5-9:41
	android:targetSdkVersion
		ADDED from Lotus_India_Dec17\Lotus_India_Dec17\AndroidManifest.xml:9:9-38
	android:minSdkVersion
		ADDED from Lotus_India_Dec17\Lotus_India_Dec17\AndroidManifest.xml:8:9-34
supports-screens
ADDED from Lotus_India_Dec17\Lotus_India_Dec17\AndroidManifest.xml:11:5-54
	android:xlargeScreens
		ADDED from Lotus_India_Dec17\Lotus_India_Dec17\AndroidManifest.xml:11:23-51
uses-permission#android.permission.ACCESS_FINE_LOCATION
ADDED from Lotus_India_Dec17\Lotus_India_Dec17\AndroidManifest.xml:20:5-79
	android:name
		ADDED from Lotus_India_Dec17\Lotus_India_Dec17\AndroidManifest.xml:20:22-76
uses-permission#android.permission.ACCESS_COARSE_LOCATION
ADDED from Lotus_India_Dec17\Lotus_India_Dec17\AndroidManifest.xml:21:5-81
	android:name
		ADDED from Lotus_India_Dec17\Lotus_India_Dec17\AndroidManifest.xml:21:22-78
uses-permission#android.permission.INTERNET
ADDED from Lotus_India_Dec17\Lotus_India_Dec17\AndroidManifest.xml:22:5-67
	android:name
		ADDED from Lotus_India_Dec17\Lotus_India_Dec17\AndroidManifest.xml:22:22-64
uses-permission#android.permission.CAMERA
ADDED from Lotus_India_Dec17\Lotus_India_Dec17\AndroidManifest.xml:23:5-65
	android:name
		ADDED from Lotus_India_Dec17\Lotus_India_Dec17\AndroidManifest.xml:23:22-62
uses-permission#android.permission.WRITE_EXTERNAL_STORAGE
ADDED from Lotus_India_Dec17\Lotus_India_Dec17\AndroidManifest.xml:24:5-81
	android:name
		ADDED from Lotus_India_Dec17\Lotus_India_Dec17\AndroidManifest.xml:24:22-78
uses-permission#android.permission.READ_EXTERNAL_STORAGE
ADDED from Lotus_India_Dec17\Lotus_India_Dec17\AndroidManifest.xml:25:5-80
	android:name
		ADDED from Lotus_India_Dec17\Lotus_India_Dec17\AndroidManifest.xml:25:22-77
uses-permission#android.permission.ACCESS_NETWORK_STATE
ADDED from Lotus_India_Dec17\Lotus_India_Dec17\AndroidManifest.xml:27:5-79
	android:name
		ADDED from Lotus_India_Dec17\Lotus_India_Dec17\AndroidManifest.xml:27:22-76
uses-permission#android.permission.WAKE_LOCK
ADDED from Lotus_India_Dec17\Lotus_India_Dec17\AndroidManifest.xml:28:5-68
	android:name
		ADDED from Lotus_India_Dec17\Lotus_India_Dec17\AndroidManifest.xml:28:22-65
uses-permission#com.android.alarm.permission.SET_ALARM
ADDED from Lotus_India_Dec17\Lotus_India_Dec17\AndroidManifest.xml:29:5-78
	android:name
		ADDED from Lotus_India_Dec17\Lotus_India_Dec17\AndroidManifest.xml:29:22-75
uses-permission#android.permission.READ_PHONE_STATE
ADDED from Lotus_India_Dec17\Lotus_India_Dec17\AndroidManifest.xml:30:5-75
	android:name
		ADDED from Lotus_India_Dec17\Lotus_India_Dec17\AndroidManifest.xml:30:22-72
uses-permission#android.permission.SYSTEM_ALERT_WINDOW
ADDED from Lotus_India_Dec17\Lotus_India_Dec17\AndroidManifest.xml:31:5-78
	android:name
		ADDED from Lotus_India_Dec17\Lotus_India_Dec17\AndroidManifest.xml:31:22-75
application
ADDED from Lotus_India_Dec17\Lotus_India_Dec17\AndroidManifest.xml:33:5-174:19
	android:label
		ADDED from Lotus_India_Dec17\Lotus_India_Dec17\AndroidManifest.xml:37:9-42
	android:allowBackup
		ADDED from Lotus_India_Dec17\Lotus_India_Dec17\AndroidManifest.xml:35:9-35
	android:icon
		ADDED from Lotus_India_Dec17\Lotus_India_Dec17\AndroidManifest.xml:36:9-45
	android:largeHeap
		ADDED from Lotus_India_Dec17\Lotus_India_Dec17\AndroidManifest.xml:38:9-33
	android:theme
		ADDED from Lotus_India_Dec17\Lotus_India_Dec17\AndroidManifest.xml:39:9-40
	android:name
		ADDED from Lotus_India_Dec17\Lotus_India_Dec17\AndroidManifest.xml:34:9-40
activity#com.prod.sudesi.lotusherbalsnew.LotusMainActivity
ADDED from Lotus_India_Dec17\Lotus_India_Dec17\AndroidManifest.xml:40:9-48:20
	android:label
		ADDED from Lotus_India_Dec17\Lotus_India_Dec17\AndroidManifest.xml:42:13-46
	android:name
		ADDED from Lotus_India_Dec17\Lotus_India_Dec17\AndroidManifest.xml:41:13-46
intent-filter#android.intent.action.MAIN+android.intent.category.LAUNCHER
ADDED from Lotus_India_Dec17\Lotus_India_Dec17\AndroidManifest.xml:43:13-47:29
action#android.intent.action.MAIN
ADDED from Lotus_India_Dec17\Lotus_India_Dec17\AndroidManifest.xml:44:17-69
	android:name
		ADDED from Lotus_India_Dec17\Lotus_India_Dec17\AndroidManifest.xml:44:25-66
category#android.intent.category.LAUNCHER
ADDED from Lotus_India_Dec17\Lotus_India_Dec17\AndroidManifest.xml:46:17-77
	android:name
		ADDED from Lotus_India_Dec17\Lotus_India_Dec17\AndroidManifest.xml:46:27-74
service#com.littlefluffytoys.littlefluffylocationlibrary.LocationBroadcastService
ADDED from Lotus_India_Dec17\Lotus_India_Dec17\AndroidManifest.xml:50:9-109
	android:name
		ADDED from Lotus_India_Dec17\Lotus_India_Dec17\AndroidManifest.xml:50:18-106
receiver#com.littlefluffytoys.littlefluffylocationlibrary.StartupBroadcastReceiver
ADDED from Lotus_India_Dec17\Lotus_India_Dec17\AndroidManifest.xml:52:9-58:20
	android:exported
		ADDED from Lotus_India_Dec17\Lotus_India_Dec17\AndroidManifest.xml:54:13-36
	android:name
		ADDED from Lotus_India_Dec17\Lotus_India_Dec17\AndroidManifest.xml:53:13-101
intent-filter#android.intent.action.BOOT_COMPLETED
ADDED from Lotus_India_Dec17\Lotus_India_Dec17\AndroidManifest.xml:55:13-57:29
action#android.intent.action.BOOT_COMPLETED
ADDED from Lotus_India_Dec17\Lotus_India_Dec17\AndroidManifest.xml:56:17-79
	android:name
		ADDED from Lotus_India_Dec17\Lotus_India_Dec17\AndroidManifest.xml:56:25-76
receiver#com.littlefluffytoys.littlefluffylocationlibrary.PassiveLocationChangedReceiver
ADDED from Lotus_India_Dec17\Lotus_India_Dec17\AndroidManifest.xml:59:9-61:39
	android:exported
		ADDED from Lotus_India_Dec17\Lotus_India_Dec17\AndroidManifest.xml:61:13-36
	android:name
		ADDED from Lotus_India_Dec17\Lotus_India_Dec17\AndroidManifest.xml:60:13-107
receiver#com.prod.sudesi.lotusherbalsnew.TestBroadcastReceiver
ADDED from Lotus_India_Dec17\Lotus_India_Dec17\AndroidManifest.xml:62:9-68:20
	android:name
		ADDED from Lotus_India_Dec17\Lotus_India_Dec17\AndroidManifest.xml:62:19-56
intent-filter#com.android.lotusherbal.littlefluffylocationlibrary.LOCATION_CHANGED
ADDED from Lotus_India_Dec17\Lotus_India_Dec17\AndroidManifest.xml:63:13-67:29
action#com.android.lotusherbal.littlefluffylocationlibrary.LOCATION_CHANGED
ADDED from Lotus_India_Dec17\Lotus_India_Dec17\AndroidManifest.xml:64:17-66:48
	android:exported
		ADDED from Lotus_India_Dec17\Lotus_India_Dec17\AndroidManifest.xml:66:21-45
	android:name
		ADDED from Lotus_India_Dec17\Lotus_India_Dec17\AndroidManifest.xml:65:21-104
activity#com.prod.sudesi.lotusherbalsnew.LoginActivity
ADDED from Lotus_India_Dec17\Lotus_India_Dec17\AndroidManifest.xml:70:9-73:20
	android:screenOrientation
		ADDED from Lotus_India_Dec17\Lotus_India_Dec17\AndroidManifest.xml:72:13-49
	android:name
		ADDED from Lotus_India_Dec17\Lotus_India_Dec17\AndroidManifest.xml:71:13-42
activity#com.prod.sudesi.lotusherbalsnew.DashboardNewActivity
ADDED from Lotus_India_Dec17\Lotus_India_Dec17\AndroidManifest.xml:74:9-77:20
	android:screenOrientation
		ADDED from Lotus_India_Dec17\Lotus_India_Dec17\AndroidManifest.xml:76:13-49
	android:name
		ADDED from Lotus_India_Dec17\Lotus_India_Dec17\AndroidManifest.xml:75:13-49
activity#com.prod.sudesi.lotusherbalsnew.ReportsForUser
ADDED from Lotus_India_Dec17\Lotus_India_Dec17\AndroidManifest.xml:78:9-81:20
	android:screenOrientation
		ADDED from Lotus_India_Dec17\Lotus_India_Dec17\AndroidManifest.xml:80:13-50
	android:name
		ADDED from Lotus_India_Dec17\Lotus_India_Dec17\AndroidManifest.xml:79:13-43
activity#com.prod.sudesi.lotusherbalsnew.TesterFragment
ADDED from Lotus_India_Dec17\Lotus_India_Dec17\AndroidManifest.xml:82:9-85:20
	android:screenOrientation
		ADDED from Lotus_India_Dec17\Lotus_India_Dec17\AndroidManifest.xml:84:13-49
	android:name
		ADDED from Lotus_India_Dec17\Lotus_India_Dec17\AndroidManifest.xml:83:13-43
activity#com.prod.sudesi.lotusherbalsnew.VisibilityFragment
ADDED from Lotus_India_Dec17\Lotus_India_Dec17\AndroidManifest.xml:86:9-89:20
	android:screenOrientation
		ADDED from Lotus_India_Dec17\Lotus_India_Dec17\AndroidManifest.xml:88:13-49
	android:name
		ADDED from Lotus_India_Dec17\Lotus_India_Dec17\AndroidManifest.xml:87:13-47
activity#com.prod.sudesi.lotusherbalsnew.VisibilityImageFragment
ADDED from Lotus_India_Dec17\Lotus_India_Dec17\AndroidManifest.xml:90:9-93:20
	android:screenOrientation
		ADDED from Lotus_India_Dec17\Lotus_India_Dec17\AndroidManifest.xml:92:13-49
	android:name
		ADDED from Lotus_India_Dec17\Lotus_India_Dec17\AndroidManifest.xml:91:13-52
activity#com.prod.sudesi.lotusherbalsnew.AttendanceFragment
ADDED from Lotus_India_Dec17\Lotus_India_Dec17\AndroidManifest.xml:94:9-96:52
	android:screenOrientation
		ADDED from Lotus_India_Dec17\Lotus_India_Dec17\AndroidManifest.xml:96:13-49
	android:name
		ADDED from Lotus_India_Dec17\Lotus_India_Dec17\AndroidManifest.xml:95:13-47
activity#com.prod.sudesi.lotusherbalsnew.SyncMaster
ADDED from Lotus_India_Dec17\Lotus_India_Dec17\AndroidManifest.xml:97:9-100:20
	android:screenOrientation
		ADDED from Lotus_India_Dec17\Lotus_India_Dec17\AndroidManifest.xml:99:13-49
	android:name
		ADDED from Lotus_India_Dec17\Lotus_India_Dec17\AndroidManifest.xml:98:13-39
activity#com.prod.sudesi.lotusherbalsnew.NotificationFragment
ADDED from Lotus_India_Dec17\Lotus_India_Dec17\AndroidManifest.xml:101:9-104:20
	android:screenOrientation
		ADDED from Lotus_India_Dec17\Lotus_India_Dec17\AndroidManifest.xml:103:13-49
	android:name
		ADDED from Lotus_India_Dec17\Lotus_India_Dec17\AndroidManifest.xml:102:13-49
activity#com.prod.sudesi.lotusherbalsnew.BAYearWiseReport
ADDED from Lotus_India_Dec17\Lotus_India_Dec17\AndroidManifest.xml:105:9-109:20
	android:screenOrientation
		ADDED from Lotus_India_Dec17\Lotus_India_Dec17\AndroidManifest.xml:108:13-50
	android:label
		ADDED from Lotus_India_Dec17\Lotus_India_Dec17\AndroidManifest.xml:107:13-70
	android:name
		ADDED from Lotus_India_Dec17\Lotus_India_Dec17\AndroidManifest.xml:106:13-45
activity#com.prod.sudesi.lotusherbalsnew.BAMonthWiseReport
ADDED from Lotus_India_Dec17\Lotus_India_Dec17\AndroidManifest.xml:110:9-114:20
	android:screenOrientation
		ADDED from Lotus_India_Dec17\Lotus_India_Dec17\AndroidManifest.xml:113:13-49
	android:label
		ADDED from Lotus_India_Dec17\Lotus_India_Dec17\AndroidManifest.xml:112:13-71
	android:name
		ADDED from Lotus_India_Dec17\Lotus_India_Dec17\AndroidManifest.xml:111:13-46
activity#com.prod.sudesi.lotusherbalsnew.BAMonthReportPage
ADDED from Lotus_India_Dec17\Lotus_India_Dec17\AndroidManifest.xml:115:9-119:20
	android:screenOrientation
		ADDED from Lotus_India_Dec17\Lotus_India_Dec17\AndroidManifest.xml:118:13-50
	android:label
		ADDED from Lotus_India_Dec17\Lotus_India_Dec17\AndroidManifest.xml:117:13-71
	android:name
		ADDED from Lotus_India_Dec17\Lotus_India_Dec17\AndroidManifest.xml:116:13-46
receiver#libs.AlarmManagerBroadcastReceiver
ADDED from Lotus_India_Dec17\Lotus_India_Dec17\AndroidManifest.xml:121:9-122:20
	android:name
		ADDED from Lotus_India_Dec17\Lotus_India_Dec17\AndroidManifest.xml:121:19-68
activity#com.prod.sudesi.lotusherbalsnew.ChangePassword
ADDED from Lotus_India_Dec17\Lotus_India_Dec17\AndroidManifest.xml:124:9-128:20
	android:screenOrientation
		ADDED from Lotus_India_Dec17\Lotus_India_Dec17\AndroidManifest.xml:127:13-49
	android:label
		ADDED from Lotus_India_Dec17\Lotus_India_Dec17\AndroidManifest.xml:126:13-67
	android:name
		ADDED from Lotus_India_Dec17\Lotus_India_Dec17\AndroidManifest.xml:125:13-43
activity#com.prod.sudesi.lotusherbalsnew.SaleCalculation
ADDED from Lotus_India_Dec17\Lotus_India_Dec17\AndroidManifest.xml:130:9-133:20
	android:screenOrientation
		ADDED from Lotus_India_Dec17\Lotus_India_Dec17\AndroidManifest.xml:132:13-49
	android:name
		ADDED from Lotus_India_Dec17\Lotus_India_Dec17\AndroidManifest.xml:131:13-44
activity#com.prod.sudesi.lotusherbalsnew.StockAllActivity
ADDED from Lotus_India_Dec17\Lotus_India_Dec17\AndroidManifest.xml:134:9-138:20
	android:screenOrientation
		ADDED from Lotus_India_Dec17\Lotus_India_Dec17\AndroidManifest.xml:137:13-49
	android:label
		ADDED from Lotus_India_Dec17\Lotus_India_Dec17\AndroidManifest.xml:136:13-61
	android:name
		ADDED from Lotus_India_Dec17\Lotus_India_Dec17\AndroidManifest.xml:135:13-45
activity#com.prod.sudesi.lotusherbalsnew.BocDashBoardActivity
ADDED from Lotus_India_Dec17\Lotus_India_Dec17\AndroidManifest.xml:139:9-143:20
	android:screenOrientation
		ADDED from Lotus_India_Dec17\Lotus_India_Dec17\AndroidManifest.xml:142:13-49
	android:label
		ADDED from Lotus_India_Dec17\Lotus_India_Dec17\AndroidManifest.xml:141:13-66
	android:name
		ADDED from Lotus_India_Dec17\Lotus_India_Dec17\AndroidManifest.xml:140:13-49
activity#com.sudesi.tester.TesterSubmitActivity
ADDED from Lotus_India_Dec17\Lotus_India_Dec17\AndroidManifest.xml:145:9-149:20
	android:screenOrientation
		ADDED from Lotus_India_Dec17\Lotus_India_Dec17\AndroidManifest.xml:148:13-49
	android:label
		ADDED from Lotus_India_Dec17\Lotus_India_Dec17\AndroidManifest.xml:147:13-65
	android:name
		ADDED from Lotus_India_Dec17\Lotus_India_Dec17\AndroidManifest.xml:146:13-66
activity#com.prod.sudesi.lotusherbalsnew.SupervisorAttendance
ADDED from Lotus_India_Dec17\Lotus_India_Dec17\AndroidManifest.xml:151:9-152:20
	android:name
		ADDED from Lotus_India_Dec17\Lotus_India_Dec17\AndroidManifest.xml:151:19-55
activity#com.prod.sudesi.lotusherbalsnew.BocCumulativeDashboardActivity
ADDED from Lotus_India_Dec17\Lotus_India_Dec17\AndroidManifest.xml:154:9-157:20
	android:screenOrientation
		ADDED from Lotus_India_Dec17\Lotus_India_Dec17\AndroidManifest.xml:156:13-50
	android:name
		ADDED from Lotus_India_Dec17\Lotus_India_Dec17\AndroidManifest.xml:155:13-58
activity#com.prod.sudesi.lotusherbalsnew.StockNewActivity
ADDED from Lotus_India_Dec17\Lotus_India_Dec17\AndroidManifest.xml:158:9-62
	android:name
		ADDED from Lotus_India_Dec17\Lotus_India_Dec17\AndroidManifest.xml:158:19-50
activity#com.prod.sudesi.lotusherbalsnew.SaleNewActivity
ADDED from Lotus_India_Dec17\Lotus_India_Dec17\AndroidManifest.xml:159:9-61
	android:name
		ADDED from Lotus_India_Dec17\Lotus_India_Dec17\AndroidManifest.xml:159:19-49
receiver#com.prod.sudesi.lotusherbalsnew.UploadDataBrodcastReceiver
ADDED from Lotus_India_Dec17\Lotus_India_Dec17\AndroidManifest.xml:163:9-63
	android:name
		ADDED from Lotus_India_Dec17\Lotus_India_Dec17\AndroidManifest.xml:163:19-61
receiver#com.prod.sudesi.lotusherbalsnew.MyScheduledReceiver
ADDED from Lotus_India_Dec17\Lotus_India_Dec17\AndroidManifest.xml:164:9-168:20
	android:name
		ADDED from Lotus_India_Dec17\Lotus_India_Dec17\AndroidManifest.xml:164:19-54
receiver#com.prod.sudesi.lotusherbalsnew.BocBroadcastReceiver
ADDED from Lotus_India_Dec17\Lotus_India_Dec17\AndroidManifest.xml:169:9-57
	android:name
		ADDED from Lotus_India_Dec17\Lotus_India_Dec17\AndroidManifest.xml:169:19-55
service#com.prod.sudesi.lotusherbalsnew.BackgroundService
ADDED from Lotus_India_Dec17\Lotus_India_Dec17\AndroidManifest.xml:170:9-62
	android:name
		ADDED from Lotus_India_Dec17\Lotus_India_Dec17\AndroidManifest.xml:170:18-51
service#com.prod.sudesi.lotusherbalsnew.BackgroundServiceBOC
ADDED from Lotus_India_Dec17\Lotus_India_Dec17\AndroidManifest.xml:171:8-64
	android:name
		ADDED from Lotus_India_Dec17\Lotus_India_Dec17\AndroidManifest.xml:171:17-53